2023-03-06 05:38:28 [::1][-][b3ir7j01q3n0cutlgge962v1ai][error][yii\db\Exception] PDOException: SQLSTATE[42S22]: Column not found: 1054 Unknown column 'user.username' in 'where clause' in C:\xampp\htdocs\app_tuser\vendor\yiisoft\yii2\db\Command.php:1302
Stack trace:
#0 C:\xampp\htdocs\app_tuser\vendor\yiisoft\yii2\db\Command.php(1302): PDOStatement->execute()
#1 C:\xampp\htdocs\app_tuser\vendor\yiisoft\yii2\db\Command.php(1168): yii\db\Command->internalExecute('SELECT EXISTS(S...')
#2 C:\xampp\htdocs\app_tuser\vendor\yiisoft\yii2\db\Command.php(436): yii\db\Command->queryInternal('fetchColumn', 0)
#3 C:\xampp\htdocs\app_tuser\vendor\yiisoft\yii2\db\Query.php(446): yii\db\Command->queryScalar()
#4 C:\xampp\htdocs\app_tuser\vendor\yiisoft\yii2\validators\UniqueValidator.php(195): yii\db\Query->exists()
#5 C:\xampp\htdocs\app_tuser\vendor\yiisoft\yii2\validators\UniqueValidator.php(153): yii\validators\UniqueValidator->modelExists('\\common\\models\\...', Array, Object(frontend\models\SignupForm))
#6 [internal function]: yii\validators\UniqueValidator->yii\validators\{closure}(Object(yii\db\Connection))
#7 C:\xampp\htdocs\app_tuser\vendor\yiisoft\yii2\db\Connection.php(1130): call_user_func(Object(Closure), Object(yii\db\Connection))
#8 C:\xampp\htdocs\app_tuser\vendor\yiisoft\yii2\validators\UniqueValidator.php(154): yii\db\Connection->useMaster(Object(Closure))
#9 C:\xampp\htdocs\app_tuser\vendor\yiisoft\yii2\validators\Validator.php(260): yii\validators\UniqueValidator->validateAttribute(Object(frontend\models\SignupForm), 'username')
#10 C:\xampp\htdocs\app_tuser\vendor\yiisoft\yii2\base\Model.php(368): yii\validators\Validator->validateAttributes(Object(frontend\models\SignupForm), Array)
#11 C:\xampp\htdocs\app_tuser\frontend\models\SignupForm.php(48): yii\base\Model->validate()
#12 C:\xampp\htdocs\app_tuser\frontend\controllers\SiteController.php(157): frontend\models\SignupForm->signup()
#13 [internal function]: frontend\controllers\SiteController->actionSignup()
#14 C:\xampp\htdocs\app_tuser\vendor\yiisoft\yii2\base\InlineAction.php(57): call_user_func_array(Array, Array)
#15 C:\xampp\htdocs\app_tuser\vendor\yiisoft\yii2\base\Controller.php(178): yii\base\InlineAction->runWithParams(Array)
#16 C:\xampp\htdocs\app_tuser\vendor\yiisoft\yii2\base\Module.php(552): yii\base\Controller->runAction('signup', Array)
#17 C:\xampp\htdocs\app_tuser\vendor\yiisoft\yii2\web\Application.php(103): yii\base\Module->runAction('site/signup', Array)
#18 C:\xampp\htdocs\app_tuser\vendor\yiisoft\yii2\base\Application.php(384): yii\web\Application->handleRequest(Object(yii\web\Request))
#19 C:\xampp\htdocs\app_tuser\frontend\web\index.php(18): yii\base\Application->run()
#20 {main}

Next yii\db\Exception: SQLSTATE[42S22]: Column not found: 1054 Unknown column 'user.username' in 'where clause'
The SQL being executed was: SELECT EXISTS(SELECT * FROM `user` WHERE `user`.`username`='su') in C:\xampp\htdocs\app_tuser\vendor\yiisoft\yii2\db\Schema.php:676
Stack trace:
#0 C:\xampp\htdocs\app_tuser\vendor\yiisoft\yii2\db\Command.php(1307): yii\db\Schema->convertException(Object(PDOException), 'SELECT EXISTS(S...')
#1 C:\xampp\htdocs\app_tuser\vendor\yiisoft\yii2\db\Command.php(1168): yii\db\Command->internalExecute('SELECT EXISTS(S...')
#2 C:\xampp\htdocs\app_tuser\vendor\yiisoft\yii2\db\Command.php(436): yii\db\Command->queryInternal('fetchColumn', 0)
#3 C:\xampp\htdocs\app_tuser\vendor\yiisoft\yii2\db\Query.php(446): yii\db\Command->queryScalar()
#4 C:\xampp\htdocs\app_tuser\vendor\yiisoft\yii2\validators\UniqueValidator.php(195): yii\db\Query->exists()
#5 C:\xampp\htdocs\app_tuser\vendor\yiisoft\yii2\validators\UniqueValidator.php(153): yii\validators\UniqueValidator->modelExists('\\common\\models\\...', Array, Object(frontend\models\SignupForm))
#6 [internal function]: yii\validators\UniqueValidator->yii\validators\{closure}(Object(yii\db\Connection))
#7 C:\xampp\htdocs\app_tuser\vendor\yiisoft\yii2\db\Connection.php(1130): call_user_func(Object(Closure), Object(yii\db\Connection))
#8 C:\xampp\htdocs\app_tuser\vendor\yiisoft\yii2\validators\UniqueValidator.php(154): yii\db\Connection->useMaster(Object(Closure))
#9 C:\xampp\htdocs\app_tuser\vendor\yiisoft\yii2\validators\Validator.php(260): yii\validators\UniqueValidator->validateAttribute(Object(frontend\models\SignupForm), 'username')
#10 C:\xampp\htdocs\app_tuser\vendor\yiisoft\yii2\base\Model.php(368): yii\validators\Validator->validateAttributes(Object(frontend\models\SignupForm), Array)
#11 C:\xampp\htdocs\app_tuser\frontend\models\SignupForm.php(48): yii\base\Model->validate()
#12 C:\xampp\htdocs\app_tuser\frontend\controllers\SiteController.php(157): frontend\models\SignupForm->signup()
#13 [internal function]: frontend\controllers\SiteController->actionSignup()
#14 C:\xampp\htdocs\app_tuser\vendor\yiisoft\yii2\base\InlineAction.php(57): call_user_func_array(Array, Array)
#15 C:\xampp\htdocs\app_tuser\vendor\yiisoft\yii2\base\Controller.php(178): yii\base\InlineAction->runWithParams(Array)
#16 C:\xampp\htdocs\app_tuser\vendor\yiisoft\yii2\base\Module.php(552): yii\base\Controller->runAction('signup', Array)
#17 C:\xampp\htdocs\app_tuser\vendor\yiisoft\yii2\web\Application.php(103): yii\base\Module->runAction('site/signup', Array)
#18 C:\xampp\htdocs\app_tuser\vendor\yiisoft\yii2\base\Application.php(384): yii\web\Application->handleRequest(Object(yii\web\Request))
#19 C:\xampp\htdocs\app_tuser\frontend\web\index.php(18): yii\base\Application->run()
#20 {main}
Additional Information:
Array
(
    [0] => 42S22
    [1] => 1054
    [2] => Unknown column 'user.username' in 'where clause'
)

2023-03-06 05:38:28 [::1][-][b3ir7j01q3n0cutlgge962v1ai][info][application] $_GET = [
    'r' => 'site/signup'
]

$_POST = [
    '_csrf-frontend' => '-esb8Va0iWPom8mHQic9ocbkbYxpEy13wmhdzxpYXsisnV2THPn_IN3ZgOEhEX7LoJI3_SBqZVrvLWiKIhxvog=='
    'SignupForm' => [
        'username' => 'su'
        'email' => 'habibalfrz07@gmail.com'
        'password' => 'su123456'
    ]
    'signup-button' => ''
]

$_FILES = []

$_COOKIE = [
    'advanced-frontend' => 'b3ir7j01q3n0cutlgge962v1ai'
    '_csrf-frontend' => 'e33d31a98aa89d863b757c75ab0203f886963f0f7a3521f41b841d0488f45db0a:2:{i:0;s:14:\"_csrf-frontend\";i:1;s:32:\"UvFbJMvC5BIfc6CjfvZqIyH--E5E8D1j\";}'
]

$_SESSION = [
    '__flash' => []
]

$_SERVER = [
    'MIBDIRS' => 'C:/xampp/php/extras/mibs'
    'MYSQL_HOME' => '\\xampp\\mysql\\bin'
    'OPENSSL_CONF' => 'C:/xampp/apache/bin/openssl.cnf'
    'PHP_PEAR_SYSCONF_DIR' => '\\xampp\\php'
    'PHPRC' => '\\xampp\\php'
    'TMP' => '\\xampp\\tmp'
    'HTTP_HOST' => 'localhost'
    'HTTP_CONNECTION' => 'keep-alive'
    'CONTENT_LENGTH' => '231'
    'HTTP_CACHE_CONTROL' => 'max-age=0'
    'HTTP_SEC_CH_UA' => '\"Chromium\";v=\"110\", \"Not A(Brand\";v=\"24\", \"Google Chrome\";v=\"110\"'
    'HTTP_SEC_CH_UA_MOBILE' => '?0'
    'HTTP_SEC_CH_UA_PLATFORM' => '\"Windows\"'
    'HTTP_UPGRADE_INSECURE_REQUESTS' => '1'
    'HTTP_ORIGIN' => 'http://localhost'
    'CONTENT_TYPE' => 'application/x-www-form-urlencoded'
    'HTTP_USER_AGENT' => 'Mozilla/5.0 (Windows NT 10.0; Win64; x64) AppleWebKit/537.36 (KHTML, like Gecko) Chrome/110.0.0.0 Safari/537.36'
    'HTTP_ACCEPT' => 'text/html,application/xhtml+xml,application/xml;q=0.9,image/avif,image/webp,image/apng,*/*;q=0.8,application/signed-exchange;v=b3;q=0.7'
    'HTTP_SEC_FETCH_SITE' => 'same-origin'
    'HTTP_SEC_FETCH_MODE' => 'navigate'
    'HTTP_SEC_FETCH_USER' => '?1'
    'HTTP_SEC_FETCH_DEST' => 'document'
    'HTTP_REFERER' => 'http://localhost/app_tuser/frontend/web/index.php?r=site%2Fsignup'
    'HTTP_ACCEPT_ENCODING' => 'gzip, deflate, br'
    'HTTP_ACCEPT_LANGUAGE' => 'id,en-US;q=0.9,en;q=0.8'
    'HTTP_COOKIE' => 'advanced-frontend=b3ir7j01q3n0cutlgge962v1ai; _csrf-frontend=e33d31a98aa89d863b757c75ab0203f886963f0f7a3521f41b841d0488f45db0a%3A2%3A%7Bi%3A0%3Bs%3A14%3A%22_csrf-frontend%22%3Bi%3A1%3Bs%3A32%3A%22UvFbJMvC5BIfc6CjfvZqIyH--E5E8D1j%22%3B%7D'
    'PATH' => 'C:\\Program Files\\Eclipse Adoptium\\jdk-11.0.17.8-hotspot\\bin;C:\\Program Files\\Common Files\\Oracle\\Java\\javapath;C:\\Program Files (x86)\\Common Files\\Oracle\\Java\\javapath;C:\\ProgramData\\Oracle\\Java\\javapath;C:\\Program Files (x86)\\Common Files\\Intel\\Shared Libraries\\redist\\intel64\\compiler;C:\\Windows\\system32;C:\\Windows;C:\\Windows\\System32\\Wbem;C:\\Windows\\System32\\WindowsPowerShell\\v1.0\\;C:\\Windows\\System32\\OpenSSH\\;C:\\Program Files (x86)\\NVIDIA Corporation\\PhysX\\Common;C:\\Program Files\\NVIDIA Corporation\\NVIDIA NvDLISR;C:\\WINDOWS\\system32;C:\\WINDOWS;C:\\WINDOWS\\System32\\Wbem;C:\\WINDOWS\\System32\\WindowsPowerShell\\v1.0\\;C:\\WINDOWS\\System32\\OpenSSH\\;C:\\Program Files\\Java\\jdk-18.0.2.1\\bin;C:\\ProgramData\\ComposerSetup\\bin;C:\\Program Files\\Git\\cmd;C:\\ProgramData\\chocolatey\\bin;C:\\Program Files\\nodejs\\;C:\\Users\\USER\\AppData\\Local\\Android\\Sdk\\platform-tools;C:\\Program Files\\Eclipse Adoptium\\jdk-11.0.17.8-hotspot\\bin;C:\\Program Files\\Common Files\\Oracle\\Java\\javapath;C:\\ProgramData\\Oracle\\Java\\javapath;C:\\Program Files (x86)\\Common Files\\Intel\\Shared Libraries\\redist\\intel64\\compiler;C:\\Windows\\system32;C:\\Windows;C:\\Windows\\System32\\Wbem;C:\\Windows\\System32\\WindowsPowerShell\\v1.0\\;C:\\Windows\\System32\\OpenSSH\\;C:\\Program Files (x86)\\NVIDIA Corporation\\PhysX\\Common;C:\\Program Files\\NVIDIA Corporation\\NVIDIA NvDLISR;C:\\WINDOWS\\system32;C:\\WINDOWS;C:\\WINDOWS\\System32\\Wbem;C:\\WINDOWS\\System32\\WindowsPowerShell\\v1.0\\;C:\\WINDOWS\\System32\\OpenSSH\\;C:\\Program Files\\Java\\jdk-18.0.2.1\\bin;C:\\ProgramData\\ComposerSetup\\bin;C:\\Program Files\\Git\\cmd;C:\\ProgramData\\chocolatey\\bin;C:\\Program Files\\nodejs\\;C:\\Users\\USER\\AppData\\Local\\Programs\\Python\\Python39\\Scripts\\;C:\\Users\\USER\\AppData\\Local\\Programs\\Python\\Python39\\;C:\\Users\\USER\\AppData\\Local\\Microsoft\\WindowsApps;C:\\Users\\USER\\AppData\\Local\\Programs\\Microsoft VS Code\\bin;C:\\xampp\\php;C:\\Users\\USER\\AppData\\Roaming\\Composer\\v;C:\\Program Files\\Java\\jdk-19\\bin;C:\\Program Files\\Java\\jre1.8.0_351\\bin;'
    'SystemRoot' => 'C:\\WINDOWS'
    'COMSPEC' => 'C:\\WINDOWS\\system32\\cmd.exe'
    'PATHEXT' => '.COM;.EXE;.BAT;.CMD;.VBS;.VBE;.JS;.JSE;.WSF;.WSH;.MSC'
    'WINDIR' => 'C:\\WINDOWS'
    'SERVER_SIGNATURE' => '<address>Apache/2.4.54 (Win64) OpenSSL/1.1.1p PHP/7.4.33 Server at localhost Port 80</address>
'
    'SERVER_SOFTWARE' => 'Apache/2.4.54 (Win64) OpenSSL/1.1.1p PHP/7.4.33'
    'SERVER_NAME' => 'localhost'
    'SERVER_ADDR' => '::1'
    'SERVER_PORT' => '80'
    'REMOTE_ADDR' => '::1'
    'DOCUMENT_ROOT' => 'C:/xampp/htdocs'
    'REQUEST_SCHEME' => 'http'
    'CONTEXT_PREFIX' => ''
    'CONTEXT_DOCUMENT_ROOT' => 'C:/xampp/htdocs'
    'SERVER_ADMIN' => 'postmaster@localhost'
    'SCRIPT_FILENAME' => 'C:/xampp/htdocs/app_tuser/frontend/web/index.php'
    'REMOTE_PORT' => '50241'
    'GATEWAY_INTERFACE' => 'CGI/1.1'
    'SERVER_PROTOCOL' => 'HTTP/1.1'
    'REQUEST_METHOD' => 'POST'
    'QUERY_STRING' => 'r=site%2Fsignup'
    'REQUEST_URI' => '/app_tuser/frontend/web/index.php?r=site%2Fsignup'
    'SCRIPT_NAME' => '/app_tuser/frontend/web/index.php'
    'PHP_SELF' => '/app_tuser/frontend/web/index.php'
    'REQUEST_TIME_FLOAT' => 1678077508.0277
    'REQUEST_TIME' => 1678077508
]
2023-03-08 08:49:50 [::1][1][jkpmdumas5ducmhab4sbom65vq][error][yii\web\HttpException:404] yii\base\InvalidRouteException: Unable to resolve the request "user". in C:\xampp\htdocs\app_tuser\vendor\yiisoft\yii2\base\Module.php:561
Stack trace:
#0 C:\xampp\htdocs\app_tuser\vendor\yiisoft\yii2\web\Application.php(103): yii\base\Module->runAction('user', Array)
#1 C:\xampp\htdocs\app_tuser\vendor\yiisoft\yii2\base\Application.php(384): yii\web\Application->handleRequest(Object(yii\web\Request))
#2 C:\xampp\htdocs\app_tuser\frontend\web\index.php(18): yii\base\Application->run()
#3 {main}

Next yii\web\NotFoundHttpException: Page not found. in C:\xampp\htdocs\app_tuser\vendor\yiisoft\yii2\web\Application.php:115
Stack trace:
#0 C:\xampp\htdocs\app_tuser\vendor\yiisoft\yii2\base\Application.php(384): yii\web\Application->handleRequest(Object(yii\web\Request))
#1 C:\xampp\htdocs\app_tuser\frontend\web\index.php(18): yii\base\Application->run()
#2 {main}
2023-03-08 08:49:50 [::1][1][jkpmdumas5ducmhab4sbom65vq][info][application] $_GET = []

$_POST = []

$_FILES = []

$_COOKIE = [
    '_identity-backend' => '19e28b872067d04c92a583e0c050eff2eca66c0fb6dadd391d8b2d3e7a2464c5a:2:{i:0;s:17:\"_identity-backend\";i:1;s:46:\"[1,\"NM_ZYlG3TpHzspsjE9SRh1QE1OxNl1pb\",2592000]\";}'
    'advanced-backend' => '61dud3b8bgnaicfslu1st40jkv'
    '_csrf-backend' => '1607306a082d3ec6de135d1542604c0684da38a911be5e6a29836713529da733a:2:{i:0;s:13:\"_csrf-backend\";i:1;s:32:\"03dv9dsxufG0k7gSso6L88QAgrf0jxrB\";}'
    'advanced-frontend' => 'jkpmdumas5ducmhab4sbom65vq'
    '_identity-frontend' => '7b258171c5aebb89da05eee43f37c38c82561026fd1fc3c2a9cad6532b2db318a:2:{i:0;s:18:\"_identity-frontend\";i:1;s:46:\"[1,\"NM_ZYlG3TpHzspsjE9SRh1QE1OxNl1pb\",2592000]\";}'
    '_csrf-frontend' => '2203af8c82650d7f4f554077e0cc81ed0ec34bb7a5f11b87eebf1aa50bf9ec36a:2:{i:0;s:14:\"_csrf-frontend\";i:1;s:32:\"YjAJIfnfYWlS-teGozX3Dhx9BZpfujaN\";}'
]

$_SESSION = [
    '__flash' => []
    '__id' => 1
    '__authKey' => 'NM_ZYlG3TpHzspsjE9SRh1QE1OxNl1pb'
]

$_SERVER = [
    'REDIRECT_MIBDIRS' => 'C:/xampp/php/extras/mibs'
    'REDIRECT_MYSQL_HOME' => '\\xampp\\mysql\\bin'
    'REDIRECT_OPENSSL_CONF' => 'C:/xampp/apache/bin/openssl.cnf'
    'REDIRECT_PHP_PEAR_SYSCONF_DIR' => '\\xampp\\php'
    'REDIRECT_PHPRC' => '\\xampp\\php'
    'REDIRECT_TMP' => '\\xampp\\tmp'
    'REDIRECT_STATUS' => '200'
    'MIBDIRS' => 'C:/xampp/php/extras/mibs'
    'MYSQL_HOME' => '\\xampp\\mysql\\bin'
    'OPENSSL_CONF' => 'C:/xampp/apache/bin/openssl.cnf'
    'PHP_PEAR_SYSCONF_DIR' => '\\xampp\\php'
    'PHPRC' => '\\xampp\\php'
    'TMP' => '\\xampp\\tmp'
    'HTTP_HOST' => 'localhost'
    'HTTP_CONNECTION' => 'keep-alive'
    'HTTP_SEC_CH_UA' => '\"Chromium\";v=\"110\", \"Not A(Brand\";v=\"24\", \"Google Chrome\";v=\"110\"'
    'HTTP_SEC_CH_UA_MOBILE' => '?0'
    'HTTP_SEC_CH_UA_PLATFORM' => '\"Windows\"'
    'HTTP_UPGRADE_INSECURE_REQUESTS' => '1'
    'HTTP_USER_AGENT' => 'Mozilla/5.0 (Windows NT 10.0; Win64; x64) AppleWebKit/537.36 (KHTML, like Gecko) Chrome/110.0.0.0 Safari/537.36'
    'HTTP_ACCEPT' => 'text/html,application/xhtml+xml,application/xml;q=0.9,image/avif,image/webp,image/apng,*/*;q=0.8,application/signed-exchange;v=b3;q=0.7'
    'HTTP_SEC_FETCH_SITE' => 'none'
    'HTTP_SEC_FETCH_MODE' => 'navigate'
    'HTTP_SEC_FETCH_USER' => '?1'
    'HTTP_SEC_FETCH_DEST' => 'document'
    'HTTP_ACCEPT_ENCODING' => 'gzip, deflate, br'
    'HTTP_ACCEPT_LANGUAGE' => 'id,en-US;q=0.9,en;q=0.8'
    'HTTP_COOKIE' => '_identity-backend=19e28b872067d04c92a583e0c050eff2eca66c0fb6dadd391d8b2d3e7a2464c5a%3A2%3A%7Bi%3A0%3Bs%3A17%3A%22_identity-backend%22%3Bi%3A1%3Bs%3A46%3A%22%5B1%2C%22NM_ZYlG3TpHzspsjE9SRh1QE1OxNl1pb%22%2C2592000%5D%22%3B%7D; advanced-backend=61dud3b8bgnaicfslu1st40jkv; _csrf-backend=1607306a082d3ec6de135d1542604c0684da38a911be5e6a29836713529da733a%3A2%3A%7Bi%3A0%3Bs%3A13%3A%22_csrf-backend%22%3Bi%3A1%3Bs%3A32%3A%2203dv9dsxufG0k7gSso6L88QAgrf0jxrB%22%3B%7D; advanced-frontend=jkpmdumas5ducmhab4sbom65vq; _identity-frontend=7b258171c5aebb89da05eee43f37c38c82561026fd1fc3c2a9cad6532b2db318a%3A2%3A%7Bi%3A0%3Bs%3A18%3A%22_identity-frontend%22%3Bi%3A1%3Bs%3A46%3A%22%5B1%2C%22NM_ZYlG3TpHzspsjE9SRh1QE1OxNl1pb%22%2C2592000%5D%22%3B%7D; _csrf-frontend=2203af8c82650d7f4f554077e0cc81ed0ec34bb7a5f11b87eebf1aa50bf9ec36a%3A2%3A%7Bi%3A0%3Bs%3A14%3A%22_csrf-frontend%22%3Bi%3A1%3Bs%3A32%3A%22YjAJIfnfYWlS-teGozX3Dhx9BZpfujaN%22%3B%7D'
    'PATH' => 'C:\\Program Files\\Eclipse Adoptium\\jdk-11.0.17.8-hotspot\\bin;C:\\Program Files\\Common Files\\Oracle\\Java\\javapath;C:\\Program Files (x86)\\Common Files\\Oracle\\Java\\javapath;C:\\ProgramData\\Oracle\\Java\\javapath;C:\\Program Files (x86)\\Common Files\\Intel\\Shared Libraries\\redist\\intel64\\compiler;C:\\Windows\\system32;C:\\Windows;C:\\Windows\\System32\\Wbem;C:\\Windows\\System32\\WindowsPowerShell\\v1.0\\;C:\\Windows\\System32\\OpenSSH\\;C:\\Program Files (x86)\\NVIDIA Corporation\\PhysX\\Common;C:\\Program Files\\NVIDIA Corporation\\NVIDIA NvDLISR;C:\\WINDOWS\\system32;C:\\WINDOWS;C:\\WINDOWS\\System32\\Wbem;C:\\WINDOWS\\System32\\WindowsPowerShell\\v1.0\\;C:\\WINDOWS\\System32\\OpenSSH\\;C:\\Program Files\\Java\\jdk-18.0.2.1\\bin;C:\\ProgramData\\ComposerSetup\\bin;C:\\Program Files\\Git\\cmd;C:\\ProgramData\\chocolatey\\bin;C:\\Program Files\\nodejs\\;C:\\Users\\USER\\AppData\\Local\\Android\\Sdk\\platform-tools;C:\\Program Files\\Eclipse Adoptium\\jdk-11.0.17.8-hotspot\\bin;C:\\Program Files\\Common Files\\Oracle\\Java\\javapath;C:\\ProgramData\\Oracle\\Java\\javapath;C:\\Program Files (x86)\\Common Files\\Intel\\Shared Libraries\\redist\\intel64\\compiler;C:\\Windows\\system32;C:\\Windows;C:\\Windows\\System32\\Wbem;C:\\Windows\\System32\\WindowsPowerShell\\v1.0\\;C:\\Windows\\System32\\OpenSSH\\;C:\\Program Files (x86)\\NVIDIA Corporation\\PhysX\\Common;C:\\Program Files\\NVIDIA Corporation\\NVIDIA NvDLISR;C:\\WINDOWS\\system32;C:\\WINDOWS;C:\\WINDOWS\\System32\\Wbem;C:\\WINDOWS\\System32\\WindowsPowerShell\\v1.0\\;C:\\WINDOWS\\System32\\OpenSSH\\;C:\\Program Files\\Java\\jdk-18.0.2.1\\bin;C:\\ProgramData\\ComposerSetup\\bin;C:\\Program Files\\Git\\cmd;C:\\ProgramData\\chocolatey\\bin;C:\\Program Files\\nodejs\\;C:\\Users\\USER\\AppData\\Local\\Programs\\Python\\Python39\\Scripts\\;C:\\Users\\USER\\AppData\\Local\\Programs\\Python\\Python39\\;C:\\Users\\USER\\AppData\\Local\\Microsoft\\WindowsApps;C:\\Users\\USER\\AppData\\Local\\Programs\\Microsoft VS Code\\bin;C:\\xampp\\php;C:\\Users\\USER\\AppData\\Roaming\\Composer\\v;C:\\Program Files\\Java\\jdk-19\\bin;C:\\Program Files\\Java\\jre1.8.0_351\\bin;'
    'SystemRoot' => 'C:\\WINDOWS'
    'COMSPEC' => 'C:\\WINDOWS\\system32\\cmd.exe'
    'PATHEXT' => '.COM;.EXE;.BAT;.CMD;.VBS;.VBE;.JS;.JSE;.WSF;.WSH;.MSC'
    'WINDIR' => 'C:\\WINDOWS'
    'SERVER_SIGNATURE' => '<address>Apache/2.4.54 (Win64) OpenSSL/1.1.1p PHP/7.4.33 Server at localhost Port 80</address>
'
    'SERVER_SOFTWARE' => 'Apache/2.4.54 (Win64) OpenSSL/1.1.1p PHP/7.4.33'
    'SERVER_NAME' => 'localhost'
    'SERVER_ADDR' => '::1'
    'SERVER_PORT' => '80'
    'REMOTE_ADDR' => '::1'
    'DOCUMENT_ROOT' => 'C:/xampp/htdocs'
    'REQUEST_SCHEME' => 'http'
    'CONTEXT_PREFIX' => ''
    'CONTEXT_DOCUMENT_ROOT' => 'C:/xampp/htdocs'
    'SERVER_ADMIN' => 'postmaster@localhost'
    'SCRIPT_FILENAME' => 'C:/xampp/htdocs/app_tuser/frontend/web/index.php'
    'REMOTE_PORT' => '60254'
    'REDIRECT_URL' => '/app_tuser/frontend/web/user'
    'GATEWAY_INTERFACE' => 'CGI/1.1'
    'SERVER_PROTOCOL' => 'HTTP/1.1'
    'REQUEST_METHOD' => 'GET'
    'QUERY_STRING' => ''
    'REQUEST_URI' => '/app_tuser/frontend/web/user'
    'SCRIPT_NAME' => '/app_tuser/frontend/web/index.php'
    'PHP_SELF' => '/app_tuser/frontend/web/index.php'
    'REQUEST_TIME_FLOAT' => 1678261790.3989
    'REQUEST_TIME' => 1678261790
]
